=== 2026-06-14 22:04:34 ===
== Scraper smoke test (category: cpu, min: 3) ==

  darwin/cpu p1: 20 items (https://darwin.md/componente-pc/procesoare)
  [OK  ] darwin     20 items
  enter/cpu p1: 20 items (https://enter.online/calculatoare/processor)
  [OK  ] enter      20 items
  xstore/cpu p1: 16 items (https://xstore.md/componente-pc/procesoare)
  [OK  ] xstore     16 items
  proshop/cpu p1: 25 items (https://www.proshop.de/CPU)
  [OK  ] proshop    25 items
  morele/cpu p1: 30 items (https://www.morele.net/kategoria/procesory-45/)
  [OK  ] morele     30 items
  onliner/cpu p1: 30 items (https://catalog.api.onliner.by/search/cpu?page=1)
  [OK  ] onliner    30 items
  shopkz/cpu p1: 25 items (https://shop.kz/protsessory/)
  [OK  ] shopkz     25 items
  regard/cpu p1: 24 items (https://www.regard.ru/catalog/group2000.htm)
  [OK  ] regard     24 items
  kabum/cpu p1: 50 items (https://servicespub.prod.api.aws.grupokabum.com.br/catalog/v2/products-by-category/hardware/processadores?page_number=1&page_size=50)
  [OK  ] kabum      50 items

[PASSED] all stores returned items
== darwin (https://darwin.md) ==
  darwin/cpu p1: 20 items (https://darwin.md/componente-pc/procesoare)
  darwin/cpu p2: 0 items (https://darwin.md/componente-pc/procesoare?page=2)
  darwin/gpu p1: 20 items (https://darwin.md/componente-pc/placi-video)
  darwin/gpu p2: 20 items (https://darwin.md/componente-pc/placi-video?page=2)
  darwin/gpu p3: 20 items (https://darwin.md/componente-pc/placi-video?page=3)
  darwin/motherboard p1: 20 items (https://darwin.md/componente-pc/motherboard)
  darwin/motherboard p2: 19 items (https://darwin.md/componente-pc/motherboard?page=2)
  darwin/motherboard p3: 19 items (https://darwin.md/componente-pc/motherboard?page=3)
  darwin/ram p1: 20 items (https://darwin.md/componente-pc/ram)
  darwin/ram p2: 20 items (https://darwin.md/componente-pc/ram?page=2)
  darwin/ram p3: 20 items (https://darwin.md/componente-pc/ram?page=3)
  darwin/storage p1: 20 items (https://darwin.md/componente-pc/dispozitive-de-stocare/ssd)
  darwin/storage p2: 20 items (https://darwin.md/componente-pc/dispozitive-de-stocare/ssd?page=2)
  darwin/storage p3: 20 items (https://darwin.md/componente-pc/dispozitive-de-stocare/ssd?page=3)
  darwin/psu p1: 20 items (https://darwin.md/componente-pc/power-supply)
  darwin/psu p2: 20 items (https://darwin.md/componente-pc/power-supply?page=2)
  darwin/psu p3: 20 items (https://darwin.md/componente-pc/power-supply?page=3)
  darwin/cooler p1: 20 items (https://darwin.md/componente-pc/coolere)
  darwin/cooler p2: 20 items (https://darwin.md/componente-pc/coolere?page=2)
  darwin/cooler p3: 16 items (https://darwin.md/componente-pc/coolere?page=3)
  darwin/case p1: 20 items (https://darwin.md/componente-pc/carcase)
  darwin/case p2: 20 items (https://darwin.md/componente-pc/carcase?page=2)
  darwin/case p3: 20 items (https://darwin.md/componente-pc/carcase?page=3)
  darwin/paste p1: 20 items (https://darwin.md/accesorii/pasta-termoconductoare)
  darwin/paste p2: 6 items (https://darwin.md/accesorii/pasta-termoconductoare?page=2)
  darwin/paste p3: 0 items (https://darwin.md/accesorii/pasta-termoconductoare?page=3)
== enter (https://enter.online) ==
  enter/cpu p1: 20 items (https://enter.online/calculatoare/processor)
  enter/cpu p2: 20 items (https://enter.online/calculatoare/processor?page=2)
  enter/cpu p3: 20 items (https://enter.online/calculatoare/processor?page=3)
  enter/gpu p1: 20 items (https://enter.online/calculatoare/videocard)
  enter/gpu p2: 19 items (https://enter.online/calculatoare/videocard?page=2)
  enter/gpu p3: 20 items (https://enter.online/calculatoare/videocard?page=3)
  enter/motherboard p1: 20 items (https://enter.online/calculatoare/mainboard)
  enter/motherboard p2: 18 items (https://enter.online/calculatoare/mainboard?page=2)
  enter/motherboard p3: 20 items (https://enter.online/calculatoare/mainboard?page=3)
  enter/ram p1: 20 items (https://enter.online/calculatoare/memorii-ram)
  enter/ram p2: 19 items (https://enter.online/calculatoare/memorii-ram?page=2)
  enter/ram p3: 20 items (https://enter.online/calculatoare/memorii-ram?page=3)
  enter/storage p1: 20 items (https://enter.online/calculatoare/dispozitive-de-stocare/ssd)
  enter/storage p2: 20 items (https://enter.online/calculatoare/dispozitive-de-stocare/ssd?page=2)
  enter/storage p3: 20 items (https://enter.online/calculatoare/dispozitive-de-stocare/ssd?page=3)
  enter/psu p1: 20 items (https://enter.online/calculatoare/power-supply)
  enter/psu p2: 20 items (https://enter.online/calculatoare/power-supply?page=2)
  enter/psu p3: 16 items (https://enter.online/calculatoare/power-supply?page=3)
  enter/cooler p1: 20 items (https://enter.online/calculatoare/cooler)
  enter/cooler p2: 19 items (https://enter.online/calculatoare/cooler?page=2)
  enter/cooler p3: 18 items (https://enter.online/calculatoare/cooler?page=3)
  enter/case p1: 20 items (https://enter.online/calculatoare/carcase)
  enter/case p2: 19 items (https://enter.online/calculatoare/carcase?page=2)
  enter/case p3: 19 items (https://enter.online/calculatoare/carcase?page=3)
  enter/paste p1: 19 items (https://enter.online/accesorii/pasta-termoconductoare)
  enter/paste p2: 6 items (https://enter.online/accesorii/pasta-termoconductoare?page=2)
  enter/paste p3: 0 items (https://enter.online/accesorii/pasta-termoconductoare?page=3)
== xstore (https://xstore.md) ==
  xstore/cpu p1: 16 items (https://xstore.md/componente-pc/procesoare)
  xstore/cpu p2: 0 items (https://xstore.md/componente-pc/procesoare?page=2)
  xstore/gpu p1: 16 items (https://xstore.md/componente-pc/placi-video)
  xstore/gpu p2: 0 items (https://xstore.md/componente-pc/placi-video?page=2)
  xstore/motherboard p1: 17 items (https://xstore.md/componente-pc/placi-de-baza)
  xstore/motherboard p2: 0 items (https://xstore.md/componente-pc/placi-de-baza?page=2)
  xstore/ram p1: 17 items (https://xstore.md/componente-pc/memorii-ram)
  xstore/ram p2: 0 items (https://xstore.md/componente-pc/memorii-ram?page=2)
  xstore/case p1: 17 items (https://xstore.md/componente-pc/carcase)
  xstore/case p2: 0 items (https://xstore.md/componente-pc/carcase?page=2)
== proshop (https://www.proshop.de) ==
  proshop/cpu p1: 25 items (https://www.proshop.de/CPU)
  proshop/cpu p2: 25 items (https://www.proshop.de/CPU?pn=2)
  proshop/cpu p3: 24 items (https://www.proshop.de/CPU?pn=3)
  proshop/gpu p1: 25 items (https://www.proshop.de/Grafikkarte)
  proshop/gpu p2: 25 items (https://www.proshop.de/Grafikkarte?pn=2)
  proshop/gpu p3: 24 items (https://www.proshop.de/Grafikkarte?pn=3)
  proshop/motherboard p1: 25 items (https://www.proshop.de/Motherboard)
  proshop/motherboard p2: 0 items (https://www.proshop.de/Motherboard?pn=2)
  proshop/ram p1: 25 items (https://www.proshop.de/RAM)
  proshop/ram p2: 24 items (https://www.proshop.de/RAM?pn=2)
  proshop/ram p3: 25 items (https://www.proshop.de/RAM?pn=3)
  proshop/storage p1: 25 items (https://www.proshop.de/SSD)
  proshop/storage p2: 24 items (https://www.proshop.de/SSD?pn=2)
  proshop/storage p3: 25 items (https://www.proshop.de/SSD?pn=3)
  proshop/psu p1: 22 items (https://www.proshop.de/Netzteil)
  proshop/psu p2: 0 items (https://www.proshop.de/Netzteil?pn=2)
  proshop/cooler p1: 25 items (https://www.proshop.de/CPU-Kuehler)
  proshop/cooler p2: 24 items (https://www.proshop.de/CPU-Kuehler?pn=2)
  proshop/cooler p3: 25 items (https://www.proshop.de/CPU-Kuehler?pn=3)
  proshop/case p1: 25 items (https://www.proshop.de/Gehaeuse)
  proshop/case p2: 25 items (https://www.proshop.de/Gehaeuse?pn=2)
  proshop/case p3: 25 items (https://www.proshop.de/Gehaeuse?pn=3)
== morele (https://www.morele.net) ==
  morele/cpu p1: 30 items (https://www.morele.net/kategoria/procesory-45/)
  morele/cpu p2: 30 items (https://www.morele.net/kategoria/procesory-45/,,,,,,,,0,,,,,s/2/)
  morele/cpu p3: 30 items (https://www.morele.net/kategoria/procesory-45/,,,,,,,,0,,,,,s/3/)
  morele/gpu p1: 30 items (https://www.morele.net/kategoria/karty-graficzne-12/)
  morele/gpu p2: 30 items (https://www.morele.net/kategoria/karty-graficzne-12/,,,,,,,,0,,,,,s/2/)
  morele/gpu p3: 30 items (https://www.morele.net/kategoria/karty-graficzne-12/,,,,,,,,0,,,,,s/3/)
  morele/motherboard p1: 30 items (https://www.morele.net/kategoria/plyty-glowne-42/)
  morele/motherboard p2: 30 items (https://www.morele.net/kategoria/plyty-glowne-42/,,,,,,,,0,,,,,s/2/)
  morele/motherboard p3: 30 items (https://www.morele.net/kategoria/plyty-glowne-42/,,,,,,,,0,,,,,s/3/)
  morele/ram p1: 30 items (https://www.morele.net/kategoria/pamieci-ram-38/)
  morele/ram p2: 30 items (https://www.morele.net/kategoria/pamieci-ram-38/,,,,,,,,0,,,,,s/2/)
  morele/ram p3: 30 items (https://www.morele.net/kategoria/pamieci-ram-38/,,,,,,,,0,,,,,s/3/)
  morele/storage p1: 30 items (https://www.morele.net/kategoria/dyski-ssd-518/)
  morele/storage p2: 30 items (https://www.morele.net/kategoria/dyski-ssd-518/,,,,,,,,0,,,,,s/2/)
  morele/storage p3: 30 items (https://www.morele.net/kategoria/dyski-ssd-518/,,,,,,,,0,,,,,s/3/)
  morele/psu p1: 30 items (https://www.morele.net/kategoria/zasilacze-komputerowe-33/)
  morele/psu p2: 30 items (https://www.morele.net/kategoria/zasilacze-komputerowe-33/,,,,,,,,0,,,,,s/2/)
  morele/psu p3: 29 items (https://www.morele.net/kategoria/zasilacze-komputerowe-33/,,,,,,,,0,,,,,s/3/)
  morele/cooler p1: 30 items (https://www.morele.net/kategoria/chlodzenie-cpu-633/)
  morele/cooler p2: 30 items (https://www.morele.net/kategoria/chlodzenie-cpu-633/,,,,,,,,0,,,,,s/2/)
  morele/cooler p3: 30 items (https://www.morele.net/kategoria/chlodzenie-cpu-633/,,,,,,,,0,,,,,s/3/)
  morele/case p1: 30 items (https://www.morele.net/kategoria/obudowy-32/)
  morele/case p2: 30 items (https://www.morele.net/kategoria/obudowy-32/,,,,,,,,0,,,,,s/2/)
  morele/case p3: 28 items (https://www.morele.net/kategoria/obudowy-32/,,,,,,,,0,,,,,s/3/)
  morele/paste p1: 30 items (https://www.morele.net/kategoria/pasty-termoprzewodzace-1292/)
  morele/paste p2: 30 items (https://www.morele.net/kategoria/pasty-termoprzewodzace-1292/,,,,,,,,0,,,,,s/2/)
  morele/paste p3: 30 items (https://www.morele.net/kategoria/pasty-termoprzewodzace-1292/,,,,,,,,0,,,,,s/3/)
  morele/pad p1: 30 items (https://www.morele.net/kategoria/termopady-12300/)
  morele/pad p2: 30 items (https://www.morele.net/kategoria/termopady-12300/,,,,,,,,0,,,,,s/2/)
  morele/pad p3: 30 items (https://www.morele.net/kategoria/termopady-12300/,,,,,,,,0,,,,,s/3/)
== onliner (https://catalog.onliner.by) ==
  onliner/cpu p1: 30 items (https://catalog.api.onliner.by/search/cpu?page=1)
  onliner/cpu p2: 30 items (https://catalog.api.onliner.by/search/cpu?page=2)
  onliner/cpu p3: 30 items (https://catalog.api.onliner.by/search/cpu?page=3)
  onliner/gpu p1: 30 items (https://catalog.api.onliner.by/search/videocard?page=1)
  onliner/gpu p2: 30 items (https://catalog.api.onliner.by/search/videocard?page=2)
  onliner/gpu p3: 30 items (https://catalog.api.onliner.by/search/videocard?page=3)
  onliner/motherboard p1: 30 items (https://catalog.api.onliner.by/search/motherboard?page=1)
  onliner/motherboard p2: 30 items (https://catalog.api.onliner.by/search/motherboard?page=2)
  onliner/motherboard p3: 30 items (https://catalog.api.onliner.by/search/motherboard?page=3)
  onliner/ram p1: 30 items (https://catalog.api.onliner.by/search/dram?page=1)
  onliner/ram p2: 30 items (https://catalog.api.onliner.by/search/dram?page=2)
  onliner/ram p3: 30 items (https://catalog.api.onliner.by/search/dram?page=3)
  onliner/storage p1: 30 items (https://catalog.api.onliner.by/search/ssd?page=1)
  onliner/storage p2: 30 items (https://catalog.api.onliner.by/search/ssd?page=2)
  onliner/storage p3: 30 items (https://catalog.api.onliner.by/search/ssd?page=3)
  onliner/psu p1: 30 items (https://catalog.api.onliner.by/search/powersupply?page=1)
  onliner/psu p2: 30 items (https://catalog.api.onliner.by/search/powersupply?page=2)
  onliner/psu p3: 30 items (https://catalog.api.onliner.by/search/powersupply?page=3)
  onliner/case p1: 30 items (https://catalog.api.onliner.by/search/chassis?page=1)
  onliner/case p2: 30 items (https://catalog.api.onliner.by/search/chassis?page=2)
  onliner/case p3: 30 items (https://catalog.api.onliner.by/search/chassis?page=3)
  onliner/fan p1: 30 items (https://catalog.api.onliner.by/search/fan?page=1)
  onliner/fan p2: 30 items (https://catalog.api.onliner.by/search/fan?page=2)
  onliner/fan p3: 30 items (https://catalog.api.onliner.by/search/fan?page=3)
== shopkz (https://shop.kz) ==
  shopkz/cpu p1: 25 items (https://shop.kz/protsessory/)
  shopkz/cpu p2: 27 items (https://shop.kz/protsessory/?PAGEN_1=2)
  shopkz/cpu p3: 27 items (https://shop.kz/protsessory/?PAGEN_1=3)
  shopkz/gpu p1: 28 items (https://shop.kz/videokarty/)
  shopkz/gpu p2: 28 items (https://shop.kz/videokarty/?PAGEN_1=2)
  shopkz/gpu p3: 28 items (https://shop.kz/videokarty/?PAGEN_1=3)
  shopkz/motherboard p1: 28 items (https://shop.kz/materinskie-platy/)
  shopkz/motherboard p2: 28 items (https://shop.kz/materinskie-platy/?PAGEN_1=2)
  shopkz/motherboard p3: 28 items (https://shop.kz/materinskie-platy/?PAGEN_1=3)
  shopkz/ram p1: 27 items (https://shop.kz/operativnaya-pamyat/)
  shopkz/ram p2: 28 items (https://shop.kz/operativnaya-pamyat/?PAGEN_1=2)
  shopkz/ram p3: 27 items (https://shop.kz/operativnaya-pamyat/?PAGEN_1=3)
  shopkz/storage p1: 28 items (https://shop.kz/ssd-diski/)
  shopkz/storage p2: 28 items (https://shop.kz/ssd-diski/?PAGEN_1=2)
  shopkz/storage p3: 28 items (https://shop.kz/ssd-diski/?PAGEN_1=3)
  shopkz/psu p1: 28 items (https://shop.kz/bloki-pitaniya/)
  shopkz/psu p2: 28 items (https://shop.kz/bloki-pitaniya/?PAGEN_1=2)
  shopkz/psu p3: 28 items (https://shop.kz/bloki-pitaniya/?PAGEN_1=3)
  shopkz/case p1: 28 items (https://shop.kz/korpusa/)
  shopkz/case p2: 28 items (https://shop.kz/korpusa/?PAGEN_1=2)
  shopkz/case p3: 28 items (https://shop.kz/korpusa/?PAGEN_1=3)
  shopkz/paste p1: 28 items (https://shop.kz/offers/termopasta/)
  shopkz/paste p2: 18 items (https://shop.kz/offers/termopasta/?PAGEN_1=2)
  shopkz/paste p3: 0 items (https://shop.kz/offers/termopasta/?PAGEN_1=3)
== regard (https://www.regard.ru) ==
  regard/cpu p1: 24 items (https://www.regard.ru/catalog/group2000.htm)
  regard/cpu p2: 54 items (https://www.regard.ru/catalog/group2000/page2.htm)
  regard/cpu p3: 0 items (https://www.regard.ru/catalog/group2000/page3.htm)
  regard/gpu p1: 0 items (https://www.regard.ru/catalog/group1013.htm)
  [429] https://www.regard.ru/catalog/group1000.htm: backing off 30s...
  regard/motherboard p1: 24 items (https://www.regard.ru/catalog/group1000.htm)
  [429] https://www.regard.ru/catalog/group1000/page2.htm: backing off 30s...
  regard/motherboard p2: 54 items (https://www.regard.ru/catalog/group1000/page2.htm)
  [429] https://www.regard.ru/catalog/group1000/page3.htm: backing off 30s...
  regard/motherboard p3: 0 items (https://www.regard.ru/catalog/group1000/page3.htm)
  [429] https://www.regard.ru/catalog/group1010.htm: backing off 30s...
  regard/ram p1: 24 items (https://www.regard.ru/catalog/group1010.htm)
  [429] https://www.regard.ru/catalog/group1010/page2.htm: backing off 30s...
  regard/ram p2: 54 items (https://www.regard.ru/catalog/group1010/page2.htm)
  [429] https://www.regard.ru/catalog/group1010/page3.htm: backing off 30s...
  regard/ram p3: 0 items (https://www.regard.ru/catalog/group1010/page3.htm)
  [429] https://www.regard.ru/catalog/group1015.htm: backing off 30s...
  regard/storage p1: 0 items (https://www.regard.ru/catalog/group1015.htm)
  [429] https://www.regard.ru/catalog/group1225.htm: backing off 30s...
  [WARN] https://www.regard.ru/catalog/group1225.htm: HTTP 404 (check category slug)
  [WARN] https://www.regard.ru/catalog/group5162.htm: HTTP 404 (check category slug)
  [WARN] https://www.regard.ru/catalog/group1032.htm: HTTP 404 (check category slug)
== kabum (https://www.kabum.com.br) ==
  kabum/cpu p1: 50 items (https://servicespub.prod.api.aws.grupokabum.com.br/catalog/v2/products-by-category/hardware/processadores?page_number=1&page_size=50)
  kabum/cpu p2: 48 items (https://servicespub.prod.api.aws.grupokabum.com.br/catalog/v2/products-by-category/hardware/processadores?page_number=2&page_size=50)
  kabum/cpu p3: 46 items (https://servicespub.prod.api.aws.grupokabum.com.br/catalog/v2/products-by-category/hardware/processadores?page_number=3&page_size=50)
  kabum/gpu p1: 50 items (https://servicespub.prod.api.aws.grupokabum.com.br/catalog/v2/products-by-category/hardware/placa-de-video-vga?page_number=1&page_size=50)
  kabum/gpu p2: 42 items (https://servicespub.prod.api.aws.grupokabum.com.br/catalog/v2/products-by-category/hardware/placa-de-video-vga?page_number=2&page_size=50)
  kabum/gpu p3: 49 items (https://servicespub.prod.api.aws.grupokabum.com.br/catalog/v2/products-by-category/hardware/placa-de-video-vga?page_number=3&page_size=50)
  kabum/motherboard p1: 50 items (https://servicespub.prod.api.aws.grupokabum.com.br/catalog/v2/products-by-category/hardware/placas-mae?page_number=1&page_size=50)
  kabum/motherboard p2: 49 items (https://servicespub.prod.api.aws.grupokabum.com.br/catalog/v2/products-by-category/hardware/placas-mae?page_number=2&page_size=50)
  kabum/motherboard p3: 29 items (https://servicespub.prod.api.aws.grupokabum.com.br/catalog/v2/products-by-category/hardware/placas-mae?page_number=3&page_size=50)
  kabum/ram p1: 50 items (https://servicespub.prod.api.aws.grupokabum.com.br/catalog/v2/products-by-category/hardware/memoria-ram?page_number=1&page_size=50)
  kabum/ram p2: 50 items (https://servicespub.prod.api.aws.grupokabum.com.br/catalog/v2/products-by-category/hardware/memoria-ram?page_number=2&page_size=50)
  kabum/ram p3: 45 items (https://servicespub.prod.api.aws.grupokabum.com.br/catalog/v2/products-by-category/hardware/memoria-ram?page_number=3&page_size=50)
  kabum/storage p1: 50 items (https://servicespub.prod.api.aws.grupokabum.com.br/catalog/v2/products-by-category/hardware/ssd-2-5?page_number=1&page_size=50)
  kabum/storage p2: 50 items (https://servicespub.prod.api.aws.grupokabum.com.br/catalog/v2/products-by-category/hardware/ssd-2-5?page_number=2&page_size=50)
  kabum/storage p3: 47 items (https://servicespub.prod.api.aws.grupokabum.com.br/catalog/v2/products-by-category/hardware/ssd-2-5?page_number=3&page_size=50)
  kabum/psu p1: 50 items (https://servicespub.prod.api.aws.grupokabum.com.br/catalog/v2/products-by-category/hardware/fontes?page_number=1&page_size=50)
  kabum/psu p2: 50 items (https://servicespub.prod.api.aws.grupokabum.com.br/catalog/v2/products-by-category/hardware/fontes?page_number=2&page_size=50)
  kabum/psu p3: 50 items (https://servicespub.prod.api.aws.grupokabum.com.br/catalog/v2/products-by-category/hardware/fontes?page_number=3&page_size=50)
  kabum/cooler p1: 50 items (https://servicespub.prod.api.aws.grupokabum.com.br/catalog/v2/products-by-category/hardware/coolers?page_number=1&page_size=50)
  kabum/cooler p2: 50 items (https://servicespub.prod.api.aws.grupokabum.com.br/catalog/v2/products-by-category/hardware/coolers?page_number=2&page_size=50)
  kabum/cooler p3: 39 items (https://servicespub.prod.api.aws.grupokabum.com.br/catalog/v2/products-by-category/hardware/coolers?page_number=3&page_size=50)

[DONE] 4847 unique items (4999 scraped)
  feed:    D:\pcwatt-prices\hardware_prices.csv
  history: D:\pcwatt-prices\price_history\prices_2026-06-14.csv
  readme:  D:\pcwatt-prices\README.md
